<?xml version="1.0" encoding="UTF-8"?>
<!-- Generated by org.testng.reporters.JUnitXMLReporter -->
<testsuite ignored="0" hostname="DESKTOP-4D8DAE1" failures="0" tests="3" name="Default test" time="255.663" errors="0" timestamp="2025-02-16T14:54:41 IST">
  <testcase classname="qa.tests.samplePageDemo" name="TestCase1" time="46.706"/>
  <testcase classname="qa.tests.samplePageDemo" name="TestCase1" time="43.644"/>
  <testcase classname="qa.tests.samplePageDemo" name="TestCase2" time="44.362"/>
</testsuite> <!-- Default test -->
