<?xml version="1.0" encoding="UTF-8"?>
<testng-results ignored="0" total="3" passed="3" failed="0" skipped="0">
  <reporter-output>
  </reporter-output>
  <suite started-at="2025-02-16T14:50:25 IST" name="Default suite" finished-at="2025-02-16T14:54:41 IST" duration-ms="255663">
    <groups>
    </groups>
    <test started-at="2025-02-16T14:50:25 IST" name="Default test" finished-at="2025-02-16T14:54:41 IST" duration-ms="255663">
      <class name="qa.tests.samplePageDemo">
        <test-method is-config="true" signature="setUp()[pri:0, instance:qa.tests.samplePageDemo@7905a0b8]" started-at="2025-02-16T14:50:35 IST" name="setUp" finished-at="2025-02-16T14:51:19 IST" duration-ms="43993" status="PASS">
          <reporter-output>
          </reporter-output>
        </test-method> <!-- setUp -->
        <test-method is-config="true" signature="init()[pri:0, instance:qa.tests.samplePageDemo@7905a0b8]" started-at="2025-02-16T14:51:21 IST" name="init" finished-at="2025-02-16T14:51:21 IST" duration-ms="303" status="PASS">
          <reporter-output>
          </reporter-output>
        </test-method> <!-- init -->
        <test-method signature="TestCase1(java.util.Map)[pri:0, instance:qa.tests.samplePageDemo@7905a0b8]" started-at="2025-02-16T14:51:21 IST" name="TestCase1" data-provider="testDataProvider" finished-at="2025-02-16T14:52:08 IST" duration-ms="46706" status="PASS">
          <params>
            <param index="0">
              <value>
                <![CDATA[{=, website=https://www.google.com/, name=demo1, comment=testcasecomment, TestCaseName=TestCase1, email=demo1@in.co}]]>
              </value>
            </param>
          </params>
          <reporter-output>
          </reporter-output>
        </test-method> <!-- TestCase1 -->
        <test-method is-config="true" signature="tearDown()[pri:0, instance:qa.tests.samplePageDemo@7905a0b8]" started-at="2025-02-16T14:52:08 IST" name="tearDown" finished-at="2025-02-16T14:52:19 IST" duration-ms="11103" status="PASS">
          <reporter-output>
          </reporter-output>
        </test-method> <!-- tearDown -->
        <test-method is-config="true" signature="onFailureScreenshot(org.testng.ITestResult)[pri:0, instance:qa.tests.samplePageDemo@7905a0b8]" started-at="2025-02-16T14:52:19 IST" name="onFailureScreenshot" finished-at="2025-02-16T14:52:21 IST" duration-ms="1716" status="PASS">
          <params>
            <param index="0">
              <value>
                <![CDATA[[TestResult name=TestCase1 status=SUCCESS method=samplePageDemo.TestCase1(java.util.Map)[pri:0, instance:qa.tests.samplePageDemo@7905a0b8] output={null}]]]>
              </value>
            </param>
          </params>
          <reporter-output>
          </reporter-output>
        </test-method> <!-- onFailureScreenshot -->
        <test-method is-config="true" signature="setUp()[pri:0, instance:qa.tests.samplePageDemo@7905a0b8]" started-at="2025-02-16T14:52:21 IST" name="setUp" finished-at="2025-02-16T14:52:42 IST" duration-ms="20716" status="PASS">
          <reporter-output>
          </reporter-output>
        </test-method> <!-- setUp -->
        <test-method is-config="true" signature="init()[pri:0, instance:qa.tests.samplePageDemo@7905a0b8]" started-at="2025-02-16T14:52:42 IST" name="init" finished-at="2025-02-16T14:52:42 IST" duration-ms="9" status="PASS">
          <reporter-output>
          </reporter-output>
        </test-method> <!-- init -->
        <test-method signature="TestCase1(java.util.Map)[pri:0, instance:qa.tests.samplePageDemo@7905a0b8]" started-at="2025-02-16T14:52:42 IST" name="TestCase1" data-provider="testDataProvider" finished-at="2025-02-16T14:53:25 IST" duration-ms="43644" status="PASS">
          <params>
            <param index="0">
              <value>
                <![CDATA[{=, website=https://www.google.com/, name=demo3, comment=testcasecomment, TestCaseName=TestCase1, email=demo3@in.co}]]>
              </value>
            </param>
          </params>
          <reporter-output>
          </reporter-output>
        </test-method> <!-- TestCase1 -->
        <test-method is-config="true" signature="tearDown()[pri:0, instance:qa.tests.samplePageDemo@7905a0b8]" started-at="2025-02-16T14:53:25 IST" name="tearDown" finished-at="2025-02-16T14:53:28 IST" duration-ms="2576" status="PASS">
          <reporter-output>
          </reporter-output>
        </test-method> <!-- tearDown -->
        <test-method is-config="true" signature="onFailureScreenshot(org.testng.ITestResult)[pri:0, instance:qa.tests.samplePageDemo@7905a0b8]" started-at="2025-02-16T14:53:28 IST" name="onFailureScreenshot" finished-at="2025-02-16T14:53:29 IST" duration-ms="1128" status="PASS">
          <params>
            <param index="0">
              <value>
                <![CDATA[[TestResult name=TestCase1 status=SUCCESS method=samplePageDemo.TestCase1(java.util.Map)[pri:0, instance:qa.tests.samplePageDemo@7905a0b8] output={null}]]]>
              </value>
            </param>
          </params>
          <reporter-output>
          </reporter-output>
        </test-method> <!-- onFailureScreenshot -->
        <test-method is-config="true" signature="setUp()[pri:0, instance:qa.tests.samplePageDemo@7905a0b8]" started-at="2025-02-16T14:53:29 IST" name="setUp" finished-at="2025-02-16T14:53:53 IST" duration-ms="23695" status="PASS">
          <reporter-output>
          </reporter-output>
        </test-method> <!-- setUp -->
        <test-method is-config="true" signature="init()[pri:0, instance:qa.tests.samplePageDemo@7905a0b8]" started-at="2025-02-16T14:53:53 IST" name="init" finished-at="2025-02-16T14:53:53 IST" duration-ms="23" status="PASS">
          <reporter-output>
          </reporter-output>
        </test-method> <!-- init -->
        <test-method signature="TestCase2(java.util.Map)[pri:0, instance:qa.tests.samplePageDemo@7905a0b8]" started-at="2025-02-16T14:53:53 IST" name="TestCase2" data-provider="testDataProvider" finished-at="2025-02-16T14:54:38 IST" duration-ms="44362" status="PASS">
          <params>
            <param index="0">
              <value>
                <![CDATA[{=, website=https://www.google.com/, name=testing2, comment=testcasecomment, TestCaseName=TestCase2, email=demo2@in.co}]]>
              </value>
            </param>
          </params>
          <reporter-output>
          </reporter-output>
        </test-method> <!-- TestCase2 -->
        <test-method is-config="true" signature="tearDown()[pri:0, instance:qa.tests.samplePageDemo@7905a0b8]" started-at="2025-02-16T14:54:38 IST" name="tearDown" finished-at="2025-02-16T14:54:40 IST" duration-ms="2243" status="PASS">
          <reporter-output>
          </reporter-output>
        </test-method> <!-- tearDown -->
        <test-method is-config="true" signature="onFailureScreenshot(org.testng.ITestResult)[pri:0, instance:qa.tests.samplePageDemo@7905a0b8]" started-at="2025-02-16T14:54:40 IST" name="onFailureScreenshot" finished-at="2025-02-16T14:54:41 IST" duration-ms="1115" status="PASS">
          <params>
            <param index="0">
              <value>
                <![CDATA[[TestResult name=TestCase2 status=SUCCESS method=samplePageDemo.TestCase2(java.util.Map)[pri:0, instance:qa.tests.samplePageDemo@7905a0b8] output={null}]]]>
              </value>
            </param>
          </params>
          <reporter-output>
          </reporter-output>
        </test-method> <!-- onFailureScreenshot -->
      </class> <!-- qa.tests.samplePageDemo -->
    </test> <!-- Default test -->
  </suite> <!-- Default suite -->
</testng-results>
